CCS PCH C Compiler, Version 4.115, 93510674               16-maj-13 08:47

               Filename: C:\Users\Jimmy\Desktop\Arbejde-programmering\formiddagskaffen-opg5.lst

               ROM used: 92 bytes (0%)
                         Largest free fragment is 31844
               RAM used: 5 (0%) at main() level
                         5 (0%) worst case
               Stack:    1 locations

*
0000:  GOTO   002C
.................... #include <formiddagskaffen-opg5.h> 
.................... #include <18F252.h> 
.................... //////// Standard Header file for the PIC18F252 device //////////////// 
.................... #device PIC18F252 
.................... #list 
....................  
.................... #device ICD=TRUE 
.................... #device adc=16 
....................  
.................... #FUSES NOWDT                 	//No Watch Dog Timer 
.................... #FUSES WDT128                	//Watch Dog Timer uses 1:128 Postscale 
.................... #FUSES NOBROWNOUT            	//No brownout reset 
.................... #FUSES NOLVP                 	//No low voltage prgming, B3(PIC16) or B5(PIC18) used for I/O 
....................  
.................... #use delay(clock=4000000) 
0004:  CLRF   FEA
0006:  MOVLW  05
0008:  MOVWF  FE9
000A:  MOVF   FEF,W
000C:  BZ    002A
000E:  MOVLW  01
0010:  MOVWF  01
0012:  CLRF   00
0014:  DECFSZ 00,F
0016:  BRA    0014
0018:  DECFSZ 01,F
001A:  BRA    0012
001C:  MOVLW  4A
001E:  MOVWF  00
0020:  DECFSZ 00,F
0022:  BRA    0020
0024:  BRA    0026
0026:  DECFSZ FEF,F
0028:  BRA    000E
002A:  RETLW  00
....................  
....................  
....................  
....................  
.................... void main() 
.................... { 
002C:  CLRF   FF8
002E:  BCF    FD0.7
0030:  CLRF   FEA
0032:  CLRF   FE9
0034:  BSF    FC1.0
0036:  BSF    FC1.1
0038:  BSF    FC1.2
003A:  BCF    FC1.3
.................... while (TRUE) 
....................    { 
....................       if (input(PIN_A4)==0) 
003C:  BSF    F92.4
003E:  BTFSC  F80.4
0040:  BRA    004E
....................       { 
....................       output_toggle(PIN_C2); 
0042:  BCF    F94.2
0044:  BTG    F8B.2
....................       delay_ms(30); 
0046:  MOVLW  1E
0048:  MOVWF  05
004A:  RCALL  0004
....................       } 
....................       else 
004C:  BRA    0058
....................       { 
....................       output_toggle(PIN_C2); 
004E:  BCF    F94.2
0050:  BTG    F8B.2
....................       delay_ms(100); 
0052:  MOVLW  64
0054:  MOVWF  05
0056:  RCALL  0004
....................       } 
....................    } 
0058:  BRA    003C
....................  
.................... } 
005A:  BRA    005A

Configuration Fuses:
   Word  1: 2700   RC_IO NOOSCSEN
   Word  2: 0E0D   NOPUT NOBROWNOUT BORV20 NOWDT WDT128
   Word  3: 0100   CCP2C1
   Word  4: 0001   STVREN NOLVP DEBUG
   Word  5: C00F   NOPROTECT NOCPB NOCPD
   Word  6: E00F   NOWRT NOWRTC NOWRTB NOWRTD
   Word  7: 400F   NOEBTR NOEBTRB

   Some fuses have been forced to be compatible with the ICD debugger.
