
ROM used: 92 (0%)
          92 (0%) including unused fragments

          0 Average locations per line
          10 Average locations per statement

RAM used: 5 (0%) at main() level
          5 (0%) worst case

Stack used: 1 worst case (out of 30 total available)

Lines Stmts  %   Files
----- ----- ---  -----
   21     9 100  formiddagskaffen-opg5.c
   12     0   0  formiddagskaffen-opg5.h
  322     0   0  ..\..\..\..\Program Files (x86)\PICC\devices\18F252.h
----- -----
  355     9 Total

Page ROM  %  RAM   Vol Diff  Functions:
---- --- --- ---   --- ----  ----------
0     40  22   1             @delay_ms1
0     48  26   1   141  3.0  main

Program metrics:
    Functions               1
    Statements              9
    Comments                78
    Volume (V)              143
    Difficilty (D)          2.8
    Effort to implement (E) 400
    Time to implement (T)   0 minutes
    Est Delivered Bugs (B)  0
    Cyclomatic Complexity   1
    Maintainability (MI)    154

 Segment     Used  Free
-----------  ----  ----
00000-00002     4  0  
00004-07CBE    88  31844  



