
ROM used: 280 (1%)
          280 (1%) including unused fragments

          1 Average locations per line
          93 Average locations per statement

RAM used: 5 (0%) at main() level
          10 (1%) worst case

Stack used: 2 worst case (out of 30 total available)

Lines Stmts  %   Files
----- ----- ---  -----
   17     3 100  RS232.c
   13     0   0  RS232.h
  322     0   0  ..\..\..\..\Program Files (x86)\PICC\devices\18F252.h
----- -----
  352     3 Total

Page ROM  %  RAM   Vol Diff  Functions:
---- --- --- ---   --- ----  ----------
0     76  14   1    68  2.1  main
0     16   3   0             @const69
0     34   6   3             @PSTRINGCN_9600_31766_31767
0     40   7   3             @DIV88
0    110  20   2             @PRINTF_U_9600_31766_31767

Program metrics:
    Functions               1
    Statements              3
    Comments                78
    Volume (V)              73
    Difficilty (D)          1.5
    Effort to implement (E) 110
    Time to implement (T)   0 minutes
    Est Delivered Bugs (B)  0
    Cyclomatic Complexity   1
    Maintainability (MI)    176

 Segment     Used  Free
-----------  ----  ----
00000-00002     4  0  
00004-07CBE   276  31656  



